"D:/Data/Documents/UE4/Butt/Content/Blueprints/BP_Controller.uasset" 0
"D:/Data/Documents/UE4/Butt/Content/Blueprints/BP_Controller.uexp" 1
"D:/Data/Documents/UE4/Butt/Content/Blueprints/BP_Gamemode.uasset" 2
"D:/Data/Documents/UE4/Butt/Content/Blueprints/BP_Gamemode.uexp" 3
"D:/Data/Documents/UE4/Butt/Content/Blueprints/BP_Instance.uasset" 4
"D:/Data/Documents/UE4/Butt/Content/Blueprints/BP_Instance.uexp" 5
"../../../Engine/Content/EngineMaterials/T_Default_Material_Grid_N.uasset" 6
"../../../Engine/Content/EngineMaterials/T_Default_Material_Grid_N.uexp" 7
"../../../Engine/Content/EngineMaterials/T_Default_Material_Grid_N.ubulk" 8
"../../../Engine/Content/EngineMaterials/T_Default_Material_Grid_M.uasset" 9
"../../../Engine/Content/EngineMaterials/T_Default_Material_Grid_M.uexp" 10
"../../../Engine/Content/EngineMaterials/T_Default_Material_Grid_M.ubulk" 11
"../../../Engine/Content/Functions/Engine_MaterialFunctions01/Opacity/CameraDepthFade.uasset" 12
"../../../Engine/Content/Functions/Engine_MaterialFunctions01/Opacity/CameraDepthFade.uexp" 13
"../../../Engine/Content/EngineMaterials/WorldGridMaterial.uasset" 14
"../../../Engine/Content/EngineMaterials/WorldGridMaterial.uexp" 15
"../../../Engine/Content/ArtTools/RenderToTexture/Meshes/S_1_Unit_Plane.uasset" 16
"../../../Engine/Content/ArtTools/RenderToTexture/Meshes/S_1_Unit_Plane.uexp" 17
"../../../Engine/Content/EngineMaterials/DefaultMaterial.uasset" 18
"../../../Engine/Content/EngineMaterials/DefaultMaterial.uexp" 19
"../../../Engine/Content/BasicShapes/Cone.uasset" 20
"../../../Engine/Content/BasicShapes/Cone.uexp" 21
"../../../Engine/Content/BasicShapes/Cube.uasset" 22
"../../../Engine/Content/BasicShapes/Cube.uexp" 23
"../../../Engine/Content/BasicShapes/Plane.uasset" 24
"../../../Engine/Content/BasicShapes/Plane.uexp" 25
"../../../Engine/Content/BasicShapes/Sphere.uasset" 26
"../../../Engine/Content/BasicShapes/Sphere.uexp" 27
"../../../Engine/Content/EditorLandscapeResources/DataLayer.uasset" 28
"../../../Engine/Content/EditorLandscapeResources/DataLayer.uexp" 29
"../../../Engine/Content/EditorLandscapeResources/DefaultAlphaTexture.uasset" 30
"../../../Engine/Content/EditorLandscapeResources/DefaultAlphaTexture.uexp" 31
"../../../Engine/Content/EditorMaterials/MAT_Groups_Toggle.uasset" 32
"../../../Engine/Content/EditorMaterials/MAT_Groups_Toggle.uexp" 33
"../../../Engine/Content/EditorMaterials/MAT_Groups_Visibility.uasset" 34
"../../../Engine/Content/EditorMaterials/MAT_Groups_Visibility.uexp" 35
"../../../Engine/Content/EditorMaterials/PreviewShadowIndicator.uasset" 36
"../../../Engine/Content/EditorMaterials/PreviewShadowIndicator.uexp" 37
"../../../Engine/Content/EditorMaterials/PreviewShadowIndicator.ubulk" 38
"../../../Engine/Content/EditorMaterials/PreviewShadowIndicatorMaterial.uasset" 39
"../../../Engine/Content/EditorMaterials/PreviewShadowIndicatorMaterial.uexp" 40
"../../../Engine/Content/EditorMaterials/MatineeGroups/MAT_ColorTrack.uasset" 41
"../../../Engine/Content/EditorMaterials/MatineeGroups/MAT_ColorTrack.uexp" 42
"../../../Engine/Content/EditorMaterials/MatineeGroups/MAT_Groups_Anim.uasset" 43
"../../../Engine/Content/EditorMaterials/MatineeGroups/MAT_Groups_Anim.uexp" 44
"../../../Engine/Content/EditorMaterials/MatineeGroups/MAT_Groups_AudioMaster.uasset" 45
"../../../Engine/Content/EditorMaterials/MatineeGroups/MAT_Groups_AudioMaster.uexp" 46
"../../../Engine/Content/EditorMaterials/MatineeGroups/MAT_Groups_Director.uasset" 47
"../../../Engine/Content/EditorMaterials/MatineeGroups/MAT_Groups_Director.uexp" 48
"../../../Engine/Content/EditorMaterials/MatineeGroups/MAT_Groups_Event.uasset" 49
"../../../Engine/Content/EditorMaterials/MatineeGroups/MAT_Groups_Event.uexp" 50
"../../../Engine/Content/EditorMaterials/MatineeGroups/MAT_Groups_Fade.uasset" 51
"../../../Engine/Content/EditorMaterials/MatineeGroups/MAT_Groups_Fade.uexp" 52
"../../../Engine/Content/EditorMaterials/MatineeGroups/MAT_Groups_Float.uasset" 53
"../../../Engine/Content/EditorMaterials/MatineeGroups/MAT_Groups_Float.uexp" 54
"../../../Engine/Content/EditorMaterials/MatineeGroups/MAT_Groups_Move.uasset" 55
"../../../Engine/Content/EditorMaterials/MatineeGroups/MAT_Groups_Move.uexp" 56
"../../../Engine/Content/EditorMaterials/MatineeGroups/MAT_Groups_Slomo.uasset" 57
"../../../Engine/Content/EditorMaterials/MatineeGroups/MAT_Groups_Slomo.uexp" 58
"../../../Engine/Content/EditorMaterials/MatineeGroups/MAT_Groups_Sound.uasset" 59
"../../../Engine/Content/EditorMaterials/MatineeGroups/MAT_Groups_Sound.uexp" 60
"../../../Engine/Content/EditorMaterials/MatineeGroups/MAT_Groups_Vector.uasset" 61
"../../../Engine/Content/EditorMaterials/MatineeGroups/MAT_Groups_Vector.uexp" 62
"../../../Engine/Content/EditorMaterials/ParticleSystems/PSysThumbnail_NoImage.uasset" 63
"../../../Engine/Content/EditorMaterials/ParticleSystems/PSysThumbnail_NoImage.uexp" 64
"../../../Engine/Content/EditorMaterials/ParticleSystems/PSysThumbnail_NoImage.ubulk" 65
"../../../Engine/Content/EditorMaterials/ParticleSystems/PSysThumbnail_OOD.uasset" 66
"../../../Engine/Content/EditorMaterials/ParticleSystems/PSysThumbnail_OOD.uexp" 67
"../../../Engine/Content/EditorMaterials/ParticleSystems/PSysThumbnail_OOD.ubulk" 68
"../../../Engine/Content/EditorMaterials/Camera/CineMat.uasset" 69
"../../../Engine/Content/EditorMaterials/Camera/CineMat.uexp" 70
"../../../Engine/Content/EditorMaterials/Camera/MI_CineMat_Rig.uasset" 71
"../../../Engine/Content/EditorMaterials/Camera/MI_CineMat_Rig.uexp" 72
"../../../Engine/Content/EditorMeshes/Camera/SM_CraneRig_Arm.uasset" 73
"../../../Engine/Content/EditorMeshes/Camera/SM_CraneRig_Arm.uexp" 74
"../../../Engine/Content/EditorMeshes/Camera/SM_CraneRig_Base.uasset" 75
"../../../Engine/Content/EditorMeshes/Camera/SM_CraneRig_Base.uexp" 76
"../../../Engine/Content/EditorMeshes/Camera/SM_CraneRig_Body.uasset" 77
"../../../Engine/Content/EditorMeshes/Camera/SM_CraneRig_Body.uexp" 78
"../../../Engine/Content/EditorMeshes/Camera/SM_CraneRig_Mount.uasset" 79
"../../../Engine/Content/EditorMeshes/Camera/SM_CraneRig_Mount.uexp" 80
"../../../Engine/Content/EditorMeshes/Camera/SM_RailRig_Mount.uasset" 81
"../../../Engine/Content/EditorMeshes/Camera/SM_RailRig_Mount.uexp" 82
"../../../Engine/Content/EditorMeshes/Camera/SM_RailRig_Track.uasset" 83
"../../../Engine/Content/EditorMeshes/Camera/SM_RailRig_Track.uexp" 84
"../../../Engine/Content/EditorResources/BSPVertex.uasset" 85
"../../../Engine/Content/EditorResources/BSPVertex.uexp" 86
"../../../Engine/Content/EditorResources/S_Actor.uasset" 87
"../../../Engine/Content/EditorResources/S_Actor.uexp" 88
"../../../Engine/Content/EditorResources/S_Actor.ubulk" 89
"../../../Engine/Content/EditorResources/S_Note.uasset" 90
"../../../Engine/Content/EditorResources/S_Note.uexp" 91
"../../../Engine/Content/EditorResources/S_Note.ubulk" 92
"../../../Engine/Content/EditorResources/S_Solver.uasset" 93
"../../../Engine/Content/EditorResources/S_Solver.uexp" 94
"../../../Engine/Content/EditorResources/S_Solver.ubulk" 95
"../../../Engine/Content/EditorResources/S_Terrain.uasset" 96
"../../../Engine/Content/EditorResources/S_Terrain.uexp" 97
"../../../Engine/Content/EditorResources/S_Terrain.ubulk" 98
"../../../Engine/Content/EditorResources/S_Trigger.uasset" 99
"../../../Engine/Content/EditorResources/S_Trigger.uexp" 100
"../../../Engine/Content/EditorResources/S_Trigger.ubulk" 101
"../../../Engine/Content/EditorResources/SequenceRecorder/Countdown.uasset" 102
"../../../Engine/Content/EditorResources/SequenceRecorder/Countdown.uexp" 103
"../../../Engine/Content/EditorResources/SequenceRecorder/RecordingIndicator.uasset" 104
"../../../Engine/Content/EditorResources/SequenceRecorder/RecordingIndicator.uexp" 105
"../../../Engine/Content/EngineDamageTypes/DmgTypeBP_Environmental.uasset" 106
"../../../Engine/Content/EngineDamageTypes/DmgTypeBP_Environmental.uexp" 107
"../../../Engine/Content/EngineDebugMaterials/DebugEditorMaterial.uasset" 108
"../../../Engine/Content/EngineDebugMaterials/DebugEditorMaterial.uexp" 109
"../../../Engine/Content/EngineDebugMaterials/DebugMeshMaterial.uasset" 110
"../../../Engine/Content/EngineDebugMaterials/DebugMeshMaterial.uexp" 111
"../../../Engine/Content/EngineDebugMaterials/M_SimpleUnlitTranslucent.uasset" 112
"../../../Engine/Content/EngineDebugMaterials/M_SimpleUnlitTranslucent.uexp" 113
"../../../Engine/Content/EngineDebugMaterials/VolumeToRender.uasset" 114
"../../../Engine/Content/EngineDebugMaterials/VolumeToRender.uexp" 115
"../../../Engine/Content/Functions/Engine_MaterialFunctions02/Utility/CameraDirectionVector.uasset" 116
"../../../Engine/Content/Functions/Engine_MaterialFunctions02/Utility/CameraDirectionVector.uexp" 117
"../../../Engine/Content/EngineDebugMaterials/M_VolumeRenderSphereTracePP.uasset" 118
"../../../Engine/Content/EngineDebugMaterials/M_VolumeRenderSphereTracePP.uexp" 119
"../../../Engine/Content/Functions/Engine_MaterialFunctions01/Shading/ConvertFromDiffSpec.uasset" 120
"../../../Engine/Content/Functions/Engine_MaterialFunctions01/Shading/ConvertFromDiffSpec.uexp" 121
"../../../Engine/Content/EngineDebugMaterials/VertexColorMaterial.uasset" 122
"../../../Engine/Content/EngineDebugMaterials/VertexColorMaterial.uexp" 123
"../../../Engine/Content/EngineDebugMaterials/WireframeMaterial.uasset" 124
"../../../Engine/Content/EngineDebugMaterials/WireframeMaterial.uexp" 125
"../../../Engine/Content/EngineFonts/Faces/RobotoRegular.uasset" 126
"../../../Engine/Content/EngineFonts/Faces/RobotoRegular.uexp" 127
"../../../Engine/Content/EngineFonts/Faces/RobotoRegular.ufont" 128
"../../../Engine/Content/EngineFonts/Faces/RobotoLight.uasset" 129
"../../../Engine/Content/EngineFonts/Faces/RobotoLight.uexp" 130
"../../../Engine/Content/EngineFonts/Faces/RobotoLight.ufont" 131
"../../../Engine/Content/EngineFonts/Faces/RobotoItalic.uasset" 132
"../../../Engine/Content/EngineFonts/Faces/RobotoItalic.uexp" 133
"../../../Engine/Content/EngineFonts/Faces/RobotoItalic.ufont" 134
"../../../Engine/Content/EngineFonts/Faces/RobotoBoldItalic.uasset" 135
"../../../Engine/Content/EngineFonts/Faces/RobotoBoldItalic.uexp" 136
"../../../Engine/Content/EngineFonts/Faces/RobotoBoldItalic.ufont" 137
"../../../Engine/Content/EngineFonts/Faces/RobotoBold.uasset" 138
"../../../Engine/Content/EngineFonts/Faces/RobotoBold.uexp" 139
"../../../Engine/Content/EngineFonts/Faces/RobotoBold.ufont" 140
"../../../Engine/Content/EngineFonts/Faces/DroidSansFallback.uasset" 141
"../../../Engine/Content/EngineFonts/Faces/DroidSansFallback.uexp" 142
"../../../Engine/Content/EngineFonts/Faces/DroidSansFallback.ufont" 143
"../../../Engine/Content/EngineFonts/Roboto.uasset" 144
"../../../Engine/Content/EngineFonts/Roboto.uexp" 145
"../../../Engine/Content/EngineMaterials/BaseFlattenNormalMap.uasset" 146
"../../../Engine/Content/EngineMaterials/BaseFlattenNormalMap.uexp" 147
"../../../Engine/Content/EngineMaterials/BaseFlattenGrayscaleMap.uasset" 148
"../../../Engine/Content/EngineMaterials/BaseFlattenGrayscaleMap.uexp" 149
"../../../Engine/Content/EngineMaterials/BaseFlattenEmissiveMap.uasset" 150
"../../../Engine/Content/EngineMaterials/BaseFlattenEmissiveMap.uexp" 151
"../../../Engine/Content/EngineMaterials/BaseFlattenDiffuseMap.uasset" 152
"../../../Engine/Content/EngineMaterials/BaseFlattenDiffuseMap.uexp" 153
"../../../Engine/Content/EngineMaterials/BaseFlattenMaterial.uasset" 154
"../../../Engine/Content/EngineMaterials/BaseFlattenMaterial.uexp" 155
"../../../Engine/Content/EngineMaterials/BlueNoise.uasset" 156
"../../../Engine/Content/EngineMaterials/BlueNoise.uexp" 157
"../../../Engine/Content/EngineMaterials/DefaultBloomKernel.uasset" 158
"../../../Engine/Content/EngineMaterials/DefaultBloomKernel.uexp" 159
"../../../Engine/Content/EngineMaterials/DefaultBokeh.uasset" 160
"../../../Engine/Content/EngineMaterials/DefaultBokeh.uexp" 161
"../../../Engine/Content/EngineMaterials/DefaultDiffuse.uasset" 162
"../../../Engine/Content/EngineMaterials/DefaultDiffuse.uexp" 163
"../../../Engine/Content/EngineMaterials/DefaultDiffuse.ubulk" 164
"../../../Engine/Content/EngineMaterials/DefaultDeferredDecalMaterial.uasset" 165
"../../../Engine/Content/EngineMaterials/DefaultDeferredDecalMaterial.uexp" 166
"../../../Engine/Content/EngineMaterials/DefaultLightFunctionMaterial.uasset" 167
"../../../Engine/Content/EngineMaterials/DefaultLightFunctionMaterial.uexp" 168
"../../../Engine/Content/EngineMaterials/DefaultPhysicalMaterial.uasset" 169
"../../../Engine/Content/EngineMaterials/DefaultPhysicalMaterial.uexp" 170
"../../../Engine/Content/Functions/Engine_MaterialFunctions02/Utility/BreakOutFloat2Components.uasset" 171
"../../../Engine/Content/Functions/Engine_MaterialFunctions02/Utility/BreakOutFloat2Components.uexp" 172
"../../../Engine/Content/EngineMaterials/DefaultPostProcessMaterial.uasset" 173
"../../../Engine/Content/EngineMaterials/DefaultPostProcessMaterial.uexp" 174
"../../../Engine/Content/EngineFonts/RobotoDistanceField.uasset" 175
"../../../Engine/Content/EngineFonts/RobotoDistanceField.uexp" 176
"../../../Engine/Content/EngineMaterials/DefaultTextMaterialOpaque.uasset" 177
"../../../Engine/Content/EngineMaterials/DefaultTextMaterialOpaque.uexp" 178
"../../../Engine/Content/EngineMaterials/DefaultWhiteGrid.uasset" 179
"../../../Engine/Content/EngineMaterials/DefaultWhiteGrid.uexp" 180
"../../../Engine/Content/EngineMaterials/DefaultWhiteGrid.ubulk" 181
"../../../Engine/Content/EngineMaterials/DefaultWhiteGrid_Low.uasset" 182
"../../../Engine/Content/EngineMaterials/DefaultWhiteGrid_Low.uexp" 183
"../../../Engine/Content/EngineMaterials/EmissiveMeshMaterial.uasset" 184
"../../../Engine/Content/EngineMaterials/EmissiveMeshMaterial.uexp" 185
"../../../Engine/Content/EngineMaterials/GizmoMaterial.uasset" 186
"../../../Engine/Content/EngineMaterials/GizmoMaterial.uexp" 187
"../../../Engine/Content/EngineMaterials/Good64x64TilingNoiseHighFreq.uasset" 188
"../../../Engine/Content/EngineMaterials/Good64x64TilingNoiseHighFreq.uexp" 189
"../../../Engine/Content/EngineMaterials/MiniFont.uasset" 190
"../../../Engine/Content/EngineMaterials/MiniFont.uexp" 191
"../../../Engine/Content/EngineMaterials/InvalidLightmapSettings.uasset" 192
"../../../Engine/Content/EngineMaterials/InvalidLightmapSettings.uexp" 193
"../../../Engine/Content/EngineMaterials/InvalidLightmapSettings.ubulk" 194
"../../../Engine/Content/EngineMaterials/M_InvalidLightmapSettings.uasset" 195
"../../../Engine/Content/EngineMaterials/M_InvalidLightmapSettings.uexp" 196
"../../../Engine/Content/Functions/Engine_MaterialFunctions02/WorldPositionOffset/CameraOffset.uasset" 197
"../../../Engine/Content/Functions/Engine_MaterialFunctions02/WorldPositionOffset/CameraOffset.uexp" 198
"../../../Engine/Content/EngineMaterials/PhAT_JointLimitMaterial.uasset" 199
"../../../Engine/Content/EngineMaterials/PhAT_JointLimitMaterial.uexp" 200
"../../../Engine/Content/EngineMaterials/DefaultCalibrationColor.uasset" 201
"../../../Engine/Content/EngineMaterials/DefaultCalibrationColor.uexp" 202
"../../../Engine/Content/EngineMaterials/PPM_DefaultCalibrationColor.uasset" 203
"../../../Engine/Content/EngineMaterials/PPM_DefaultCalibrationColor.uexp" 204
"../../../Engine/Content/EngineMaterials/DefaultCalibrationGrayscale.uasset" 205
"../../../Engine/Content/EngineMaterials/DefaultCalibrationGrayscale.uexp" 206
"../../../Engine/Content/EngineMaterials/PPM_DefaultCalibrationGrayscale.uasset" 207
"../../../Engine/Content/EngineMaterials/PPM_DefaultCalibrationGrayscale.uexp" 208
"../../../Engine/Content/EngineMaterials/PreintegratedSkinBRDF.uasset" 209
"../../../Engine/Content/EngineMaterials/PreintegratedSkinBRDF.uexp" 210
"../../../Engine/Content/EngineMaterials/RemoveSurfaceMaterial.uasset" 211
"../../../Engine/Content/EngineMaterials/RemoveSurfaceMaterial.uexp" 212
"../../../Engine/Content/EngineMaterials/WeightMapPlaceholderTexture.uasset" 213
"../../../Engine/Content/EngineMaterials/WeightMapPlaceholderTexture.uexp" 214
"../../../Engine/Content/EngineResources/WhiteSquareTexture.uasset" 215
"../../../Engine/Content/EngineResources/WhiteSquareTexture.uexp" 216
"../../../Engine/Content/EngineMaterials/Widget3DPassThrough.uasset" 217
"../../../Engine/Content/EngineMaterials/Widget3DPassThrough.uexp" 218
"../../../Engine/Content/EngineMaterials/Widget3DPassThrough_Masked.uasset" 219
"../../../Engine/Content/EngineMaterials/Widget3DPassThrough_Masked.uexp" 220
"../../../Engine/Content/EngineMaterials/Widget3DPassThrough_Opaque.uasset" 221
"../../../Engine/Content/EngineMaterials/Widget3DPassThrough_Opaque.uexp" 222
"../../../Engine/Content/EngineMaterials/Widget3DPassThrough_Masked_OneSided.uasset" 223
"../../../Engine/Content/EngineMaterials/Widget3DPassThrough_Masked_OneSided.uexp" 224
"../../../Engine/Content/EngineMaterials/Widget3DPassThrough_Opaque_OneSided.uasset" 225
"../../../Engine/Content/EngineMaterials/Widget3DPassThrough_Opaque_OneSided.uexp" 226
"../../../Engine/Content/EngineMaterials/Widget3DPassThrough_Translucent.uasset" 227
"../../../Engine/Content/EngineMaterials/Widget3DPassThrough_Translucent.uexp" 228
"../../../Engine/Content/EngineMaterials/Widget3DPassThrough_Translucent_OneSided.uasset" 229
"../../../Engine/Content/EngineMaterials/Widget3DPassThrough_Translucent_OneSided.uexp" 230
"../../../Engine/Content/EngineMeshes/Cylinder.uasset" 231
"../../../Engine/Content/EngineMeshes/Cylinder.uexp" 232
"../../../Engine/Content/EngineMeshes/Sphere.uasset" 233
"../../../Engine/Content/EngineMeshes/Sphere.uexp" 234
"../../../Engine/Content/EngineResources/DefaultTexture.uasset" 235
"../../../Engine/Content/EngineResources/DefaultTexture.uexp" 236
"../../../Engine/Content/EngineResources/DefaultTexture.ubulk" 237
"../../../Engine/Content/EngineResources/DefaultTextureCube.uasset" 238
"../../../Engine/Content/EngineResources/DefaultTextureCube.uexp" 239
"../../../Engine/Content/EngineResources/DefaultVolumeTexture2D.uasset" 240
"../../../Engine/Content/EngineResources/DefaultVolumeTexture2D.uexp" 241
"../../../Engine/Content/EngineResources/DefaultVolumeTexture.uasset" 242
"../../../Engine/Content/EngineResources/DefaultVolumeTexture.uexp" 243
"../../../Engine/Content/EngineResources/GradientTexture0.uasset" 244
"../../../Engine/Content/EngineResources/GradientTexture0.uexp" 245
"../../../Engine/Content/EngineSky/VolumetricClouds/T_NoiseShape64.uasset" 246
"../../../Engine/Content/EngineSky/VolumetricClouds/T_NoiseShape64.uexp" 247
"../../../Engine/Content/EngineSky/VolumetricClouds/T_NoiseShape64.ubulk" 248
"../../../Engine/Content/EngineSky/VolumetricClouds/T_VolumeNoiseShape64.uasset" 249
"../../../Engine/Content/EngineSky/VolumetricClouds/T_VolumeNoiseShape64.uexp" 250
"../../../Engine/Content/EngineSky/VolumetricClouds/T_NoiseErosion.uasset" 251
"../../../Engine/Content/EngineSky/VolumetricClouds/T_NoiseErosion.uexp" 252
"../../../Engine/Content/EngineSky/VolumetricClouds/T_NoiseErosion.ubulk" 253
"../../../Engine/Content/EngineSky/VolumetricClouds/T_VolumeNoiseErosion32.uasset" 254
"../../../Engine/Content/EngineSky/VolumetricClouds/T_VolumeNoiseErosion32.uexp" 255
"../../../Engine/Content/EngineSky/VolumetricClouds/CloudWeatherTexture.uasset" 256
"../../../Engine/Content/EngineSky/VolumetricClouds/CloudWeatherTexture.uexp" 257
"../../../Engine/Content/EngineSky/VolumetricClouds/CloudGradientTexture.uasset" 258
"../../../Engine/Content/EngineSky/VolumetricClouds/CloudGradientTexture.uexp" 259
"../../../Engine/Content/Functions/Engine_MaterialFunctions02/Utility/MakeFloat2.uasset" 260
"../../../Engine/Content/Functions/Engine_MaterialFunctions02/Utility/MakeFloat2.uexp" 261
"../../../Engine/Content/EngineSky/VolumetricClouds/m_SimpleVolumetricCloud.uasset" 262
"../../../Engine/Content/EngineSky/VolumetricClouds/m_SimpleVolumetricCloud.uexp" 263
"../../../Engine/Content/EngineSky/VolumetricClouds/m_SimpleVolumetricCloud_Inst.uasset" 264
"../../../Engine/Content/EngineSky/VolumetricClouds/m_SimpleVolumetricCloud_Inst.uexp" 265
"../../../Engine/Content/Functions/Engine_MaterialFunctions01/Shading/PowerToRoughness.uasset" 266
"../../../Engine/Content/Functions/Engine_MaterialFunctions01/Shading/PowerToRoughness.uexp" 267
"../../../Engine/Content/Maps/Templates/Thumbnails/Default.uasset" 268
"../../../Engine/Content/Maps/Templates/Thumbnails/Default.uexp" 269
"../../../Engine/Content/Maps/Templates/Thumbnails/TimeOfDay.uasset" 270
"../../../Engine/Content/Maps/Templates/Thumbnails/TimeOfDay.uexp" 271
"../../../Engine/Content/Maps/Templates/Thumbnails/VR-Basic.uasset" 272
"../../../Engine/Content/Maps/Templates/Thumbnails/VR-Basic.uexp" 273
"../../../Engine/Content/MobileResources/T_MobileControls_texture.uasset" 274
"../../../Engine/Content/MobileResources/T_MobileControls_texture.uexp" 275
"../../../Engine/Content/MobileResources/T_MobileMenu2.uasset" 276
"../../../Engine/Content/MobileResources/T_MobileMenu2.uexp" 277
"../../../Engine/Content/MobileResources/HUD/AnalogHat.uasset" 278
"../../../Engine/Content/MobileResources/HUD/AnalogHat.uexp" 279
"../../../Engine/Content/MobileResources/HUD/VirtualJoystick_Thumb.uasset" 280
"../../../Engine/Content/MobileResources/HUD/VirtualJoystick_Thumb.uexp" 281
"../../../Engine/Content/MobileResources/HUD/VirtualJoystick_Background.uasset" 282
"../../../Engine/Content/MobileResources/HUD/VirtualJoystick_Background.uexp" 283
"../../../Engine/Content/MobileResources/HUD/DefaultVirtualJoysticks.uasset" 284
"../../../Engine/Content/MobileResources/HUD/DefaultVirtualJoysticks.uexp" 285
"../../../Engine/Content/MobileResources/HUD/LeftVirtualJoystickOnly.uasset" 286
"../../../Engine/Content/MobileResources/HUD/LeftVirtualJoystickOnly.uexp" 287
"../../../Engine/Content/MobileResources/HUD/MobileHUDButton1_off.uasset" 288
"../../../Engine/Content/MobileResources/HUD/MobileHUDButton1_off.uexp" 289
"../../../Engine/Content/MobileResources/HUD/MobileHUDButton1_on.uasset" 290
"../../../Engine/Content/MobileResources/HUD/MobileHUDButton1_on.uexp" 291
"../../../Engine/Content/MobileResources/HUD/MobileHUDButton2_off.uasset" 292
"../../../Engine/Content/MobileResources/HUD/MobileHUDButton2_off.uexp" 293
"../../../Engine/Content/MobileResources/HUD/MobileHUDButton2_on.uasset" 294
"../../../Engine/Content/MobileResources/HUD/MobileHUDButton2_on.uexp" 295
"../../../Engine/Content/MobileResources/HUD/MobileHUDButton3.uasset" 296
"../../../Engine/Content/MobileResources/HUD/MobileHUDButton3.uexp" 297
"../../../Engine/Content/MobileResources/HUD/MobileHUDButtonFire.uasset" 298
"../../../Engine/Content/MobileResources/HUD/MobileHUDButtonFire.uexp" 299
"../../../Engine/Content/MobileResources/HUD/MobileHUDDirectionPad.uasset" 300
"../../../Engine/Content/MobileResources/HUD/MobileHUDDirectionPad.uexp" 301
"../../../Engine/Content/MobileResources/HUD/MobileHUDDirectionPad2.uasset" 302
"../../../Engine/Content/MobileResources/HUD/MobileHUDDirectionPad2.uexp" 303
"../../../Engine/Content/MobileResources/HUD/MobileHUDDirectionPad3.uasset" 304
"../../../Engine/Content/MobileResources/HUD/MobileHUDDirectionPad3.uexp" 305
"../../../Engine/Content/MobileResources/HUD/MobileHUDDirectionStick.uasset" 306
"../../../Engine/Content/MobileResources/HUD/MobileHUDDirectionStick.uexp" 307
"../../../Engine/Content/MobileResources/HUD/T_Castle_ThumbstickInner.uasset" 308
"../../../Engine/Content/MobileResources/HUD/T_Castle_ThumbstickInner.uexp" 309
"../../../Engine/Content/MobileResources/HUD/T_Castle_ThumbstickOutter.uasset" 310
"../../../Engine/Content/MobileResources/HUD/T_Castle_ThumbstickOutter.uexp" 311
"../../../Engine/Content/Tutorial/ContentIntroCurve.uasset" 312
"../../../Engine/Content/Tutorial/ContentIntroCurve.uexp" 313
"../../../Engine/Content/Tutorial/Basics/TutorialAssets/icon_tab_Levels_40x.uasset" 314
"../../../Engine/Content/Tutorial/Basics/TutorialAssets/icon_tab_Levels_40x.uexp" 315
"../../../Engine/Content/Tutorial/BlueprintTutorials/TutorialAssets/Blueprint_64x.uasset" 316
"../../../Engine/Content/Tutorial/BlueprintTutorials/TutorialAssets/Blueprint_64x.uexp" 317
"../../../Engine/Content/VREditor/TransformGizmo/TranslucentTransformGizmoMaterial.uasset" 318
"../../../Engine/Content/VREditor/TransformGizmo/TranslucentTransformGizmoMaterial.uexp" 319
"../../../Engine/Content/VREditor/LaserPointer/VR_LaserPower_01.uasset" 320
"../../../Engine/Content/VREditor/LaserPointer/VR_LaserPower_01.uexp" 321
"../../../Engine/Content/VREditor/LaserPointer/VR_LaserPower_01.ubulk" 322
"../../../Engine/Content/VREditor/TransformGizmo/TransformGizmoMaterial.uasset" 323
"../../../Engine/Content/VREditor/TransformGizmo/TransformGizmoMaterial.uexp" 324
"../../../Engine/Content/VREditor/TransformGizmo/BoundingBoxCorner.uasset" 325
"../../../Engine/Content/VREditor/TransformGizmo/BoundingBoxCorner.uexp" 326
"../../../Engine/Content/VREditor/TransformGizmo/BoundingBoxEdge.uasset" 327
"../../../Engine/Content/VREditor/TransformGizmo/BoundingBoxEdge.uexp" 328
"../../../Engine/Content/VREditor/TransformGizmo/PlaneTranslationHandle.uasset" 329
"../../../Engine/Content/VREditor/TransformGizmo/PlaneTranslationHandle.uexp" 330
"../../../Engine/Content/VREditor/TransformGizmo/Xray.uasset" 331
"../../../Engine/Content/VREditor/TransformGizmo/Xray.uexp" 332
"../../../Engine/Content/VREditor/TransformGizmo/Main.uasset" 333
"../../../Engine/Content/VREditor/TransformGizmo/Main.uexp" 334
"../../../Engine/Content/VREditor/TransformGizmo/SM_Sequencer_Key.uasset" 335
"../../../Engine/Content/VREditor/TransformGizmo/SM_Sequencer_Key.uexp" 336
"../../../Engine/Content/VREditor/TransformGizmo/SM_Sequencer_Node.uasset" 337
"../../../Engine/Content/VREditor/TransformGizmo/SM_Sequencer_Node.uexp" 338
"../../../Engine/Plugins/2D/Paper2D/Content/PlaceholderTextures/DummySpriteTexture.uasset" 339
"../../../Engine/Plugins/2D/Paper2D/Content/PlaceholderTextures/DummySpriteTexture.uexp" 340
"../../../Engine/Plugins/2D/Paper2D/Content/PlaceholderTextures/DummySpriteTexture.ubulk" 341
"../../../Engine/Plugins/2D/Paper2D/Content/DummySprite.uasset" 342
"../../../Engine/Plugins/2D/Paper2D/Content/DummySprite.uexp" 343
"../../../Engine/Plugins/2D/Paper2D/Content/DefaultPaperTerrainMaterial.uasset" 344
"../../../Engine/Plugins/2D/Paper2D/Content/DefaultPaperTerrainMaterial.uexp" 345
"../../../Engine/Plugins/2D/Paper2D/Content/DefaultSpriteMaterial.uasset" 346
"../../../Engine/Plugins/2D/Paper2D/Content/DefaultSpriteMaterial.uexp" 347
"../../../Engine/Plugins/2D/Paper2D/Content/MaskedUnlitSpriteMaterial.uasset" 348
"../../../Engine/Plugins/2D/Paper2D/Content/MaskedUnlitSpriteMaterial.uexp" 349
"../../../Engine/Plugins/2D/Paper2D/Content/OpaqueUnlitSpriteMaterial.uasset" 350
"../../../Engine/Plugins/2D/Paper2D/Content/OpaqueUnlitSpriteMaterial.uexp" 351
"../../../Engine/Content/Functions/Engine_MaterialFunctions02/ObjectLocalBounds.uasset" 352
"../../../Engine/Content/Functions/Engine_MaterialFunctions02/ObjectLocalBounds.uexp" 353
"../../../Engine/Content/Functions/Engine_MaterialFunctions02/Utility/VectorLength.uasset" 354
"../../../Engine/Content/Functions/Engine_MaterialFunctions02/Utility/VectorLength.uexp" 355
"../../../Engine/Content/Functions/Engine_MaterialFunctions02/Utility/BreakOutFloat3Components.uasset" 356
"../../../Engine/Content/Functions/Engine_MaterialFunctions02/Utility/BreakOutFloat3Components.uexp" 357
"../../../Engine/Content/Functions/Engine_MaterialFunctions02/WorldPositionOffset/ObjectScale.uasset" 358
"../../../Engine/Content/Functions/Engine_MaterialFunctions02/WorldPositionOffset/ObjectScale.uexp" 359
"../../../Engine/Plugins/Editor/SpeedTreeImporter/Content/SpeedTree9/UnpackInteger3.uasset" 360
"../../../Engine/Plugins/Editor/SpeedTreeImporter/Content/SpeedTree9/UnpackInteger3.uexp" 361
"../../../Engine/Plugins/Editor/SpeedTreeImporter/Content/SpeedTree9/UnpackDirection.uasset" 362
"../../../Engine/Plugins/Editor/SpeedTreeImporter/Content/SpeedTree9/UnpackDirection.uexp" 363
"../../../Engine/Plugins/Editor/SpeedTreeImporter/Content/SpeedTree9/game_wind_noise.uasset" 364
"../../../Engine/Plugins/Editor/SpeedTreeImporter/Content/SpeedTree9/game_wind_noise.uexp" 365
"../../../Engine/Plugins/Editor/SpeedTreeImporter/Content/SpeedTree9/game_wind_noise.ubulk" 366
"../../../Engine/Content/Functions/Engine_MaterialFunctions02/SafeNormalize.uasset" 367
"../../../Engine/Content/Functions/Engine_MaterialFunctions02/SafeNormalize.uexp" 368
"../../../Engine/Plugins/Editor/SpeedTreeImporter/Content/SpeedTree9/SpeedTreeWindMotion.uasset" 369
"../../../Engine/Plugins/Editor/SpeedTreeImporter/Content/SpeedTree9/SpeedTreeWindMotion.uexp" 370
"../../../Engine/Plugins/Editor/SpeedTreeImporter/Content/SpeedTree9/SpeedTreeBranchMotion.uasset" 371
"../../../Engine/Plugins/Editor/SpeedTreeImporter/Content/SpeedTree9/SpeedTreeBranchMotion.uexp" 372
"../../../Engine/Content/Functions/Engine_MaterialFunctions02/UVs/BoundingBoxBased_0-1_UVW.uasset" 373
"../../../Engine/Content/Functions/Engine_MaterialFunctions02/UVs/BoundingBoxBased_0-1_UVW.uexp" 374
"../../../Engine/Plugins/Editor/SpeedTreeImporter/Content/SpeedTree9/SpeedTreeWind.uasset" 375
"../../../Engine/Plugins/Editor/SpeedTreeImporter/Content/SpeedTree9/SpeedTreeWind.uexp" 376
"../../../Engine/Plugins/Editor/SpeedTreeImporter/Content/SpeedTree9/SpeedTreeBillboard.uasset" 377
"../../../Engine/Plugins/Editor/SpeedTreeImporter/Content/SpeedTree9/SpeedTreeBillboard.uexp" 378
"../../../Engine/Plugins/Editor/SpeedTreeImporter/Content/SpeedTree9/EmptyNormal.uasset" 379
"../../../Engine/Plugins/Editor/SpeedTreeImporter/Content/SpeedTree9/EmptyNormal.uexp" 380
"../../../Engine/Plugins/Editor/SpeedTreeImporter/Content/SpeedTree9/Empty.uasset" 381
"../../../Engine/Plugins/Editor/SpeedTreeImporter/Content/SpeedTree9/Empty.uexp" 382
"../../../Engine/Plugins/Editor/SpeedTreeImporter/Content/SpeedTree9/SpeedTreeBillboardMaster.uasset" 383
"../../../Engine/Plugins/Editor/SpeedTreeImporter/Content/SpeedTree9/SpeedTreeBillboardMaster.uexp" 384
"../../../Engine/Plugins/Editor/SpeedTreeImporter/Content/SpeedTree9/SpeedTreeCameraFacing.uasset" 385
"../../../Engine/Plugins/Editor/SpeedTreeImporter/Content/SpeedTree9/SpeedTreeCameraFacing.uexp" 386
"../../../Engine/Plugins/Editor/SpeedTreeImporter/Content/SpeedTree9/SpeedTreeMaster.uasset" 387
"../../../Engine/Plugins/Editor/SpeedTreeImporter/Content/SpeedTree9/SpeedTreeMaster.uexp" 388
"../../../Engine/Content/BasicShapes/Cylinder.uasset" 389
"../../../Engine/Content/BasicShapes/Cylinder.uexp" 390
"../../../Engine/Content/ArtTools/RenderToTexture/Materials/Debug/M_Emissive_Color.uasset" 391
"../../../Engine/Content/ArtTools/RenderToTexture/Materials/Debug/M_Emissive_Color.uexp" 392
"../../../Engine/Plugins/Lumin/MagicLeapPassableWorld/Content/MagicLeapARPinInfoActor.uasset" 393
"../../../Engine/Plugins/Lumin/MagicLeapPassableWorld/Content/MagicLeapARPinInfoActor.uexp" 394
"../../../Engine/Plugins/Runtime/OpenXR/Content/Devices/GoogleDaydream/MRTexture.uasset" 395
"../../../Engine/Plugins/Runtime/OpenXR/Content/Devices/GoogleDaydream/MRTexture.uexp" 396
"../../../Engine/Plugins/Runtime/OpenXR/Content/Devices/GoogleDaydream/MRTexture.ubulk" 397
"../../../Engine/Plugins/Runtime/OpenXR/Content/Devices/GoogleDaydream/BaseTexture.uasset" 398
"../../../Engine/Plugins/Runtime/OpenXR/Content/Devices/GoogleDaydream/BaseTexture.uexp" 399
"../../../Engine/Plugins/Runtime/OpenXR/Content/Devices/GoogleDaydream/BaseTexture.ubulk" 400
"../../../Engine/Content/EngineResources/Black.uasset" 401
"../../../Engine/Content/EngineResources/Black.uexp" 402
"../../../Engine/Plugins/Runtime/OpenXR/Content/Devices/M_XRController.uasset" 403
"../../../Engine/Plugins/Runtime/OpenXR/Content/Devices/M_XRController.uexp" 404
"../../../Engine/Plugins/Runtime/OpenXR/Content/Devices/GoogleDaydream/MI_GoogleDaydream.uasset" 405
"../../../Engine/Plugins/Runtime/OpenXR/Content/Devices/GoogleDaydream/MI_GoogleDaydream.uexp" 406
"../../../Engine/Plugins/Runtime/OpenXR/Content/Devices/GoogleDaydream/GoogleDaydreamController.uasset" 407
"../../../Engine/Plugins/Runtime/OpenXR/Content/Devices/GoogleDaydream/GoogleDaydreamController.uexp" 408
"../../../Engine/Plugins/Runtime/OpenXR/Content/Devices/HTCVive/BaseTexture.uasset" 409
"../../../Engine/Plugins/Runtime/OpenXR/Content/Devices/HTCVive/BaseTexture.uexp" 410
"../../../Engine/Plugins/Runtime/OpenXR/Content/Devices/HTCVive/BaseTexture.ubulk" 411
"../../../Engine/Plugins/Runtime/OpenXR/Content/Devices/HTCVive/MI_HTCVive.uasset" 412
"../../../Engine/Plugins/Runtime/OpenXR/Content/Devices/HTCVive/MI_HTCVive.uexp" 413
"../../../Engine/Plugins/Runtime/OpenXR/Content/Devices/HTCVive/HTCViveController.uasset" 414
"../../../Engine/Plugins/Runtime/OpenXR/Content/Devices/HTCVive/HTCViveController.uexp" 415
"../../../Engine/Plugins/Runtime/OpenXR/Content/Devices/MicrosoftMixedReality/NormalTexture.uasset" 416
"../../../Engine/Plugins/Runtime/OpenXR/Content/Devices/MicrosoftMixedReality/NormalTexture.uexp" 417
"../../../Engine/Plugins/Runtime/OpenXR/Content/Devices/MicrosoftMixedReality/NormalTexture.ubulk" 418
"../../../Engine/Plugins/Runtime/OpenXR/Content/Devices/MicrosoftMixedReality/MRTexture.uasset" 419
"../../../Engine/Plugins/Runtime/OpenXR/Content/Devices/MicrosoftMixedReality/MRTexture.uexp" 420
"../../../Engine/Plugins/Runtime/OpenXR/Content/Devices/MicrosoftMixedReality/MRTexture.ubulk" 421
"../../../Engine/Plugins/Runtime/OpenXR/Content/Devices/MicrosoftMixedReality/EmissiveTexture.uasset" 422
"../../../Engine/Plugins/Runtime/OpenXR/Content/Devices/MicrosoftMixedReality/EmissiveTexture.uexp" 423
"../../../Engine/Plugins/Runtime/OpenXR/Content/Devices/MicrosoftMixedReality/EmissiveTexture.ubulk" 424
"../../../Engine/Plugins/Runtime/OpenXR/Content/Devices/MicrosoftMixedReality/BaseTexture.uasset" 425
"../../../Engine/Plugins/Runtime/OpenXR/Content/Devices/MicrosoftMixedReality/BaseTexture.uexp" 426
"../../../Engine/Plugins/Runtime/OpenXR/Content/Devices/MicrosoftMixedReality/BaseTexture.ubulk" 427
"../../../Engine/Plugins/Runtime/OpenXR/Content/Devices/MicrosoftMixedReality/MI_MicrosoftMixedReality.uasset" 428
"../../../Engine/Plugins/Runtime/OpenXR/Content/Devices/MicrosoftMixedReality/MI_MicrosoftMixedReality.uexp" 429
"../../../Engine/Plugins/Runtime/OpenXR/Content/Devices/MicrosoftMixedReality/Left/left_MicrosoftMixedRealityController.uasset" 430
"../../../Engine/Plugins/Runtime/OpenXR/Content/Devices/MicrosoftMixedReality/Left/left_MicrosoftMixedRealityController.uexp" 431
"../../../Engine/Plugins/Runtime/OpenXR/Content/Devices/MicrosoftMixedReality/Right/right_MicrosoftMixedRealityController.uasset" 432
"../../../Engine/Plugins/Runtime/OpenXR/Content/Devices/MicrosoftMixedReality/Right/right_MicrosoftMixedRealityController.uexp" 433
"../../../Engine/Plugins/Runtime/OpenXR/Content/Devices/OculusGo/BaseTexture.uasset" 434
"../../../Engine/Plugins/Runtime/OpenXR/Content/Devices/OculusGo/BaseTexture.uexp" 435
"../../../Engine/Plugins/Runtime/OpenXR/Content/Devices/OculusGo/BaseTexture.ubulk" 436
"../../../Engine/Plugins/Runtime/OpenXR/Content/Devices/OculusGo/MI_OculusGo.uasset" 437
"../../../Engine/Plugins/Runtime/OpenXR/Content/Devices/OculusGo/MI_OculusGo.uexp" 438
"../../../Engine/Plugins/Runtime/OpenXR/Content/Devices/OculusGo/OculusGoController.uasset" 439
"../../../Engine/Plugins/Runtime/OpenXR/Content/Devices/OculusGo/OculusGoController.uexp" 440
"../../../Engine/Plugins/Runtime/OpenXR/Content/Devices/OculusTouch/MRTexture.uasset" 441
"../../../Engine/Plugins/Runtime/OpenXR/Content/Devices/OculusTouch/MRTexture.uexp" 442
"../../../Engine/Plugins/Runtime/OpenXR/Content/Devices/OculusTouch/MRTexture.ubulk" 443
"../../../Engine/Plugins/Runtime/OpenXR/Content/Devices/OculusTouch/BaseTexture.uasset" 444
"../../../Engine/Plugins/Runtime/OpenXR/Content/Devices/OculusTouch/BaseTexture.uexp" 445
"../../../Engine/Plugins/Runtime/OpenXR/Content/Devices/OculusTouch/BaseTexture.ubulk" 446
"../../../Engine/Plugins/Runtime/OpenXR/Content/Devices/OculusTouch/MI_OculusTouch.uasset" 447
"../../../Engine/Plugins/Runtime/OpenXR/Content/Devices/OculusTouch/MI_OculusTouch.uexp" 448
"../../../Engine/Plugins/Runtime/OpenXR/Content/Devices/OculusTouch/Left/left_OculusTouchController.uasset" 449
"../../../Engine/Plugins/Runtime/OpenXR/Content/Devices/OculusTouch/Left/left_OculusTouchController.uexp" 450
"../../../Engine/Plugins/Runtime/OpenXR/Content/Devices/OculusTouch/Right/right_OculusTouchController.uasset" 451
"../../../Engine/Plugins/Runtime/OpenXR/Content/Devices/OculusTouch/Right/right_OculusTouchController.uexp" 452
"../../../Engine/Plugins/Runtime/OpenXR/Content/Devices/OculusTouch_v2/MRTexture.uasset" 453
"../../../Engine/Plugins/Runtime/OpenXR/Content/Devices/OculusTouch_v2/MRTexture.uexp" 454
"../../../Engine/Plugins/Runtime/OpenXR/Content/Devices/OculusTouch_v2/MRTexture.ubulk" 455
"../../../Engine/Plugins/Runtime/OpenXR/Content/Devices/OculusTouch_v2/BaseTexture.uasset" 456
"../../../Engine/Plugins/Runtime/OpenXR/Content/Devices/OculusTouch_v2/BaseTexture.uexp" 457
"../../../Engine/Plugins/Runtime/OpenXR/Content/Devices/OculusTouch_v2/BaseTexture.ubulk" 458
"../../../Engine/Plugins/Runtime/OpenXR/Content/Devices/OculusTouch_v2/MI_OculusTouch_v2.uasset" 459
"../../../Engine/Plugins/Runtime/OpenXR/Content/Devices/OculusTouch_v2/MI_OculusTouch_v2.uexp" 460
"../../../Engine/Plugins/Runtime/OpenXR/Content/Devices/OculusTouch_v2/Left/left_OculusTouch_v2Controller.uasset" 461
"../../../Engine/Plugins/Runtime/OpenXR/Content/Devices/OculusTouch_v2/Left/left_OculusTouch_v2Controller.uexp" 462
"../../../Engine/Plugins/Runtime/OpenXR/Content/Devices/OculusTouch_v2/Right/right_OculusTouch_v2Controller.uasset" 463
"../../../Engine/Plugins/Runtime/OpenXR/Content/Devices/OculusTouch_v2/Right/right_OculusTouch_v2Controller.uexp" 464
"../../../Engine/Plugins/Runtime/OpenXR/Content/Devices/OculusTouch_v3/MRTexture.uasset" 465
"../../../Engine/Plugins/Runtime/OpenXR/Content/Devices/OculusTouch_v3/MRTexture.uexp" 466
"../../../Engine/Plugins/Runtime/OpenXR/Content/Devices/OculusTouch_v3/MRTexture.ubulk" 467
"../../../Engine/Plugins/Runtime/OpenXR/Content/Devices/OculusTouch_v3/BaseTexture.uasset" 468
"../../../Engine/Plugins/Runtime/OpenXR/Content/Devices/OculusTouch_v3/BaseTexture.uexp" 469
"../../../Engine/Plugins/Runtime/OpenXR/Content/Devices/OculusTouch_v3/BaseTexture.ubulk" 470
"../../../Engine/Plugins/Runtime/OpenXR/Content/Devices/OculusTouch_v3/MI_OculusTouch_v3.uasset" 471
"../../../Engine/Plugins/Runtime/OpenXR/Content/Devices/OculusTouch_v3/MI_OculusTouch_v3.uexp" 472
"../../../Engine/Plugins/Runtime/OpenXR/Content/Devices/OculusTouch_v3/Left/left_OculusTouch_v3Controller.uasset" 473
"../../../Engine/Plugins/Runtime/OpenXR/Content/Devices/OculusTouch_v3/Left/left_OculusTouch_v3Controller.uexp" 474
"../../../Engine/Plugins/Runtime/OpenXR/Content/Devices/OculusTouch_v3/Right/right_OculusTouch_v3Controller.uasset" 475
"../../../Engine/Plugins/Runtime/OpenXR/Content/Devices/OculusTouch_v3/Right/right_OculusTouch_v3Controller.uexp" 476
"../../../Engine/Plugins/Runtime/OpenXR/Content/Devices/ValveIndex/MRTexture.uasset" 477
"../../../Engine/Plugins/Runtime/OpenXR/Content/Devices/ValveIndex/MRTexture.uexp" 478
"../../../Engine/Plugins/Runtime/OpenXR/Content/Devices/ValveIndex/MRTexture.ubulk" 479
"../../../Engine/Plugins/Runtime/OpenXR/Content/Devices/ValveIndex/BaseTexture.uasset" 480
"../../../Engine/Plugins/Runtime/OpenXR/Content/Devices/ValveIndex/BaseTexture.uexp" 481
"../../../Engine/Plugins/Runtime/OpenXR/Content/Devices/ValveIndex/BaseTexture.ubulk" 482
"../../../Engine/Plugins/Runtime/OpenXR/Content/Devices/ValveIndex/Left/MI_left_ValveIndex.uasset" 483
"../../../Engine/Plugins/Runtime/OpenXR/Content/Devices/ValveIndex/Left/MI_left_ValveIndex.uexp" 484
"../../../Engine/Plugins/Runtime/OpenXR/Content/Devices/ValveIndex/Left/left_ValveIndexController.uasset" 485
"../../../Engine/Plugins/Runtime/OpenXR/Content/Devices/ValveIndex/Left/left_ValveIndexController.uexp" 486
"../../../Engine/Plugins/Runtime/OpenXR/Content/Devices/ValveIndex/Right/MI_right_ValveIndex.uasset" 487
"../../../Engine/Plugins/Runtime/OpenXR/Content/Devices/ValveIndex/Right/MI_right_ValveIndex.uexp" 488
"../../../Engine/Plugins/Runtime/OpenXR/Content/Devices/ValveIndex/Right/right_ValveIndexController.uasset" 489
"../../../Engine/Plugins/Runtime/OpenXR/Content/Devices/ValveIndex/Right/right_ValveIndexController.uexp" 490
"../../../Engine/Content/Functions/Engine_MaterialFunctions02/Utility/BreakOutFloat4Components.uasset" 491
"../../../Engine/Content/Functions/Engine_MaterialFunctions02/Utility/BreakOutFloat4Components.uexp" 492
"../../../Engine/Content/Functions/Engine_MaterialFunctions02/Utility/MakeFloat3.uasset" 493
"../../../Engine/Content/Functions/Engine_MaterialFunctions02/Utility/MakeFloat3.uexp" 494
"../../../Engine/Plugins/Runtime/Oculus/OculusVR/Content/Materials/OculusMR_ChromaKey.uasset" 495
"../../../Engine/Plugins/Runtime/Oculus/OculusVR/Content/Materials/OculusMR_ChromaKey.uexp" 496
"../../../Engine/Plugins/Runtime/Oculus/OculusVR/Content/Materials/OculusMR_OpaqueColoredMaterial.uasset" 497
"../../../Engine/Plugins/Runtime/Oculus/OculusVR/Content/Materials/OculusMR_OpaqueColoredMaterial.uexp" 498
"../../../Engine/Plugins/Runtime/Oculus/OculusVR/Content/Materials/PokeAHoleMaterial.uasset" 499
"../../../Engine/Plugins/Runtime/Oculus/OculusVR/Content/Materials/PokeAHoleMaterial.uexp" 500
"../../../Engine/Plugins/Runtime/Oculus/OculusVR/Content/Textures/touchController_controlmap.uasset" 501
"../../../Engine/Plugins/Runtime/Oculus/OculusVR/Content/Textures/touchController_controlmap.uexp" 502
"../../../Engine/Plugins/Runtime/Oculus/OculusVR/Content/Textures/touchController_controlmap.ubulk" 503
"../../../Engine/Plugins/Runtime/Oculus/OculusVR/Content/Textures/touchController_albedo.uasset" 504
"../../../Engine/Plugins/Runtime/Oculus/OculusVR/Content/Textures/touchController_albedo.uexp" 505
"../../../Engine/Plugins/Runtime/Oculus/OculusVR/Content/Textures/touchController_albedo.ubulk" 506
"../../../Engine/Plugins/Runtime/Oculus/OculusVR/Content/Materials/touchController_mat.uasset" 507
"../../../Engine/Plugins/Runtime/Oculus/OculusVR/Content/Materials/touchController_mat.uexp" 508
"../../../Engine/Plugins/Runtime/Oculus/OculusVR/Content/Meshes/LeftTouchController.uasset" 509
"../../../Engine/Plugins/Runtime/Oculus/OculusVR/Content/Meshes/LeftTouchController.uexp" 510
"../../../Engine/Plugins/Runtime/Oculus/OculusVR/Content/Textures/TouchForQuestRiftSController_albedo.uasset" 511
"../../../Engine/Plugins/Runtime/Oculus/OculusVR/Content/Textures/TouchForQuestRiftSController_albedo.uexp" 512
"../../../Engine/Plugins/Runtime/Oculus/OculusVR/Content/Textures/TouchForQuestRiftSController_albedo.ubulk" 513
"../../../Engine/Plugins/Runtime/Oculus/OculusVR/Content/Materials/TouchForQuestRiftSControllerMaterial.uasset" 514
"../../../Engine/Plugins/Runtime/Oculus/OculusVR/Content/Materials/TouchForQuestRiftSControllerMaterial.uexp" 515
"../../../Engine/Plugins/Runtime/Oculus/OculusVR/Content/Meshes/LeftTouchForQuestRiftSController.uasset" 516
"../../../Engine/Plugins/Runtime/Oculus/OculusVR/Content/Meshes/LeftTouchForQuestRiftSController.uexp" 517
"../../../Engine/Plugins/Runtime/Oculus/OculusVR/Content/Meshes/RiftHMD.uasset" 518
"../../../Engine/Plugins/Runtime/Oculus/OculusVR/Content/Meshes/RiftHMD.uexp" 519
"../../../Engine/Plugins/Runtime/Oculus/OculusVR/Content/Meshes/RightTouchController.uasset" 520
"../../../Engine/Plugins/Runtime/Oculus/OculusVR/Content/Meshes/RightTouchController.uexp" 521
"../../../Engine/Plugins/Runtime/Oculus/OculusVR/Content/Meshes/RightTouchForQuestRiftSController.uasset" 522
"../../../Engine/Plugins/Runtime/Oculus/OculusVR/Content/Meshes/RightTouchForQuestRiftSController.uexp" 523
"D:/Data/Documents/UE4/Butt/Content/Levels/L_Butt_BuiltData.uasset" 524
"D:/Data/Documents/UE4/Butt/Content/Levels/L_Butt_BuiltData.uexp" 525
"D:/Data/Documents/UE4/Butt/Content/Levels/L_Butt.uexp" 526
"D:/Data/Documents/UE4/Butt/Content/Levels/L_Butt.umap" 527
"D:/Data/Documents/UE4/Butt/Content/Levels/L_Button_BuiltData.uasset" 528
"D:/Data/Documents/UE4/Butt/Content/Levels/L_Button_BuiltData.uexp" 529
"D:/Data/Documents/UE4/Butt/Content/Textures/T_Sticker_Xylxn.uasset" 530
"D:/Data/Documents/UE4/Butt/Content/Textures/T_Sticker_Xylxn.uexp" 531
"D:/Data/Documents/UE4/Butt/Content/Textures/T_Sticker_Swirl.uasset" 532
"D:/Data/Documents/UE4/Butt/Content/Textures/T_Sticker_Swirl.uexp" 533
"D:/Data/Documents/UE4/Butt/Content/Textures/T_Sticker_Skull.uasset" 534
"D:/Data/Documents/UE4/Butt/Content/Textures/T_Sticker_Skull.uexp" 535
"D:/Data/Documents/UE4/Butt/Content/Textures/T_Sticker_Shop.uasset" 536
"D:/Data/Documents/UE4/Butt/Content/Textures/T_Sticker_Shop.uexp" 537
"D:/Data/Documents/UE4/Butt/Content/Textures/T_Sticker_Rabbit.uasset" 538
"D:/Data/Documents/UE4/Butt/Content/Textures/T_Sticker_Rabbit.uexp" 539
"D:/Data/Documents/UE4/Butt/Content/Textures/T_Sticker_Planet.uasset" 540
"D:/Data/Documents/UE4/Butt/Content/Textures/T_Sticker_Planet.uexp" 541
"D:/Data/Documents/UE4/Butt/Content/Textures/T_Sticker_Pizza.uasset" 542
"D:/Data/Documents/UE4/Butt/Content/Textures/T_Sticker_Pizza.uexp" 543
"D:/Data/Documents/UE4/Butt/Content/Textures/T_Sticker_Overflow.uasset" 544
"D:/Data/Documents/UE4/Butt/Content/Textures/T_Sticker_Overflow.uexp" 545
"D:/Data/Documents/UE4/Butt/Content/Textures/T_Sticker_Lucky.uasset" 546
"D:/Data/Documents/UE4/Butt/Content/Textures/T_Sticker_Lucky.uexp" 547
"D:/Data/Documents/UE4/Butt/Content/Textures/T_Sticker_Lightbulb.uasset" 548
"D:/Data/Documents/UE4/Butt/Content/Textures/T_Sticker_Lightbulb.uexp" 549
"D:/Data/Documents/UE4/Butt/Content/Textures/T_Sticker_Kitten.uasset" 550
"D:/Data/Documents/UE4/Butt/Content/Textures/T_Sticker_Kitten.uexp" 551
"D:/Data/Documents/UE4/Butt/Content/Textures/T_Sticker_Flower.uasset" 552
"D:/Data/Documents/UE4/Butt/Content/Textures/T_Sticker_Flower.uexp" 553
"D:/Data/Documents/UE4/Butt/Content/Textures/T_Sticker_Eagle.uasset" 554
"D:/Data/Documents/UE4/Butt/Content/Textures/T_Sticker_Eagle.uexp" 555
"D:/Data/Documents/UE4/Butt/Content/Textures/T_Sticker_Developer.uasset" 556
"D:/Data/Documents/UE4/Butt/Content/Textures/T_Sticker_Developer.uexp" 557
"D:/Data/Documents/UE4/Butt/Content/Textures/T_Sticker_Cube.uasset" 558
"D:/Data/Documents/UE4/Butt/Content/Textures/T_Sticker_Cube.uexp" 559
"D:/Data/Documents/UE4/Butt/Content/Textures/T_Sticker_Console.uasset" 560
"D:/Data/Documents/UE4/Butt/Content/Textures/T_Sticker_Console.uexp" 561
"D:/Data/Documents/UE4/Butt/Content/Textures/T_Sticker_Cherry.uasset" 562
"D:/Data/Documents/UE4/Butt/Content/Textures/T_Sticker_Cherry.uexp" 563
"D:/Data/Documents/UE4/Butt/Content/Textures/T_Sticker_Cake.uasset" 564
"D:/Data/Documents/UE4/Butt/Content/Textures/T_Sticker_Cake.uexp" 565
"D:/Data/Documents/UE4/Butt/Content/Textures/T_Sticker_Arrow.uasset" 566
"D:/Data/Documents/UE4/Butt/Content/Textures/T_Sticker_Arrow.uexp" 567
"D:/Data/Documents/UE4/Butt/Content/Blueprints/BPI_Counter.uasset" 568
"D:/Data/Documents/UE4/Butt/Content/Blueprints/BPI_Counter.uexp" 569
"D:/Data/Documents/UE4/Butt/Content/Widgets/WBP_Stickers.uasset" 570
"D:/Data/Documents/UE4/Butt/Content/Widgets/WBP_Stickers.uexp" 571
"D:/Data/Documents/UE4/Butt/Content/Textures/T_Button_Press.uasset" 572
"D:/Data/Documents/UE4/Butt/Content/Textures/T_Button_Press.uexp" 573
"D:/Data/Documents/UE4/Butt/Content/Textures/T_Button_Hover.uasset" 574
"D:/Data/Documents/UE4/Butt/Content/Textures/T_Button_Hover.uexp" 575
"D:/Data/Documents/UE4/Butt/Content/Textures/T_Button_Disable.uasset" 576
"D:/Data/Documents/UE4/Butt/Content/Textures/T_Button_Disable.uexp" 577
"D:/Data/Documents/UE4/Butt/Content/Textures/T_Button.uasset" 578
"D:/Data/Documents/UE4/Butt/Content/Textures/T_Button.uexp" 579
"D:/Data/Documents/UE4/Butt/Content/Textures/T_Bumper.uasset" 580
"D:/Data/Documents/UE4/Butt/Content/Textures/T_Bumper.uexp" 581
"D:/Data/Documents/UE4/Butt/Content/Textures/T_Background.uasset" 582
"D:/Data/Documents/UE4/Butt/Content/Textures/T_Background.uexp" 583
"D:/Data/Documents/UE4/Butt/Content/Sounds/SM_Master.uasset" 584
"D:/Data/Documents/UE4/Butt/Content/Sounds/SM_Master.uexp" 585
"D:/Data/Documents/UE4/Butt/Content/Sounds/SC_Master.uasset" 586
"D:/Data/Documents/UE4/Butt/Content/Sounds/SC_Master.uexp" 587
"D:/Data/Documents/UE4/Butt/Content/Sounds/SFX/S_Velociraptor.uasset" 588
"D:/Data/Documents/UE4/Butt/Content/Sounds/SFX/S_Velociraptor.uexp" 589
"D:/Data/Documents/UE4/Butt/Content/Sounds/SFX/S_Unlucky.uasset" 590
"D:/Data/Documents/UE4/Butt/Content/Sounds/SFX/S_Unlucky.uexp" 591
"D:/Data/Documents/UE4/Butt/Content/Sounds/SFX/S_Telephone.uasset" 592
"D:/Data/Documents/UE4/Butt/Content/Sounds/SFX/S_Telephone.uexp" 593
"D:/Data/Documents/UE4/Butt/Content/Sounds/SFX/S_Squeak.uasset" 594
"D:/Data/Documents/UE4/Butt/Content/Sounds/SFX/S_Squeak.uexp" 595
"D:/Data/Documents/UE4/Butt/Content/Sounds/SFX/S_Splash.uasset" 596
"D:/Data/Documents/UE4/Butt/Content/Sounds/SFX/S_Splash.uexp" 597
"D:/Data/Documents/UE4/Butt/Content/Sounds/SFX/S_Snore.uasset" 598
"D:/Data/Documents/UE4/Butt/Content/Sounds/SFX/S_Snore.uexp" 599
"D:/Data/Documents/UE4/Butt/Content/Sounds/SFX/S_Sneeze.uasset" 600
"D:/Data/Documents/UE4/Butt/Content/Sounds/SFX/S_Sneeze.uexp" 601
"D:/Data/Documents/UE4/Butt/Content/Sounds/SFX/S_Shop.uasset" 602
"D:/Data/Documents/UE4/Butt/Content/Sounds/SFX/S_Shop.uexp" 603
"D:/Data/Documents/UE4/Butt/Content/Sounds/SFX/S_Screech.uasset" 604
"D:/Data/Documents/UE4/Butt/Content/Sounds/SFX/S_Screech.uexp" 605
"D:/Data/Documents/UE4/Butt/Content/Sounds/SFX/S_Scream.uasset" 606
"D:/Data/Documents/UE4/Butt/Content/Sounds/SFX/S_Scream.uexp" 607
"D:/Data/Documents/UE4/Butt/Content/Sounds/SFX/S_Sawtooth.uasset" 608
"D:/Data/Documents/UE4/Butt/Content/Sounds/SFX/S_Sawtooth.uexp" 609
"D:/Data/Documents/UE4/Butt/Content/Sounds/SFX/S_Piano.uasset" 610
"D:/Data/Documents/UE4/Butt/Content/Sounds/SFX/S_Piano.uexp" 611
"D:/Data/Documents/UE4/Butt/Content/Sounds/SFX/S_Party.uasset" 612
"D:/Data/Documents/UE4/Butt/Content/Sounds/SFX/S_Party.uexp" 613
"D:/Data/Documents/UE4/Butt/Content/Sounds/SFX/S_Overflow.uasset" 614
"D:/Data/Documents/UE4/Butt/Content/Sounds/SFX/S_Overflow.uexp" 615
"D:/Data/Documents/UE4/Butt/Content/Sounds/SFX/S_Oof.uasset" 616
"D:/Data/Documents/UE4/Butt/Content/Sounds/SFX/S_Oof.uexp" 617
"D:/Data/Documents/UE4/Butt/Content/Sounds/SFX/S_Ambient.uasset" 618
"D:/Data/Documents/UE4/Butt/Content/Sounds/SFX/S_Ambient.uexp" 619
"D:/Data/Documents/UE4/Butt/Content/Sounds/SFX/S_Bells.uasset" 620
"D:/Data/Documents/UE4/Butt/Content/Sounds/SFX/S_Bells.uexp" 621
"D:/Data/Documents/UE4/Butt/Content/Sounds/SFX/S_Bus.uasset" 622
"D:/Data/Documents/UE4/Butt/Content/Sounds/SFX/S_Bus.uexp" 623
"D:/Data/Documents/UE4/Butt/Content/Sounds/SFX/S_Canopener.uasset" 624
"D:/Data/Documents/UE4/Butt/Content/Sounds/SFX/S_Canopener.uexp" 625
"D:/Data/Documents/UE4/Butt/Content/Sounds/SFX/S_Click.uasset" 626
"D:/Data/Documents/UE4/Butt/Content/Sounds/SFX/S_Click.uexp" 627
"D:/Data/Documents/UE4/Butt/Content/Sounds/SFX/S_Clock.uasset" 628
"D:/Data/Documents/UE4/Butt/Content/Sounds/SFX/S_Clock.uexp" 629
"D:/Data/Documents/UE4/Butt/Content/Sounds/SFX/S_Codeword.uasset" 630
"D:/Data/Documents/UE4/Butt/Content/Sounds/SFX/S_Codeword.uexp" 631
"D:/Data/Documents/UE4/Butt/Content/Sounds/SFX/S_Eagle.uasset" 632
"D:/Data/Documents/UE4/Butt/Content/Sounds/SFX/S_Eagle.uexp" 633
"D:/Data/Documents/UE4/Butt/Content/Sounds/SFX/S_Eerie.uasset" 634
"D:/Data/Documents/UE4/Butt/Content/Sounds/SFX/S_Eerie.uexp" 635
"D:/Data/Documents/UE4/Butt/Content/Sounds/SFX/S_Eight.uasset" 636
"D:/Data/Documents/UE4/Butt/Content/Sounds/SFX/S_Eight.uexp" 637
"D:/Data/Documents/UE4/Butt/Content/Sounds/SFX/S_Foghorn.uasset" 638
"D:/Data/Documents/UE4/Butt/Content/Sounds/SFX/S_Foghorn.uexp" 639
"D:/Data/Documents/UE4/Butt/Content/Sounds/SFX/S_Harpsichord.uasset" 640
"D:/Data/Documents/UE4/Butt/Content/Sounds/SFX/S_Harpsichord.uexp" 641
"D:/Data/Documents/UE4/Butt/Content/Sounds/SFX/S_Hehe.uasset" 642
"D:/Data/Documents/UE4/Butt/Content/Sounds/SFX/S_Hehe.uexp" 643
"D:/Data/Documents/UE4/Butt/Content/Sounds/SFX/S_Horn.uasset" 644
"D:/Data/Documents/UE4/Butt/Content/Sounds/SFX/S_Horn.uexp" 645
"D:/Data/Documents/UE4/Butt/Content/Sounds/SFX/S_Kalimba.uasset" 646
"D:/Data/Documents/UE4/Butt/Content/Sounds/SFX/S_Kalimba.uexp" 647
"D:/Data/Documents/UE4/Butt/Content/Sounds/SFX/S_Koto.uasset" 648
"D:/Data/Documents/UE4/Butt/Content/Sounds/SFX/S_Koto.uexp" 649
"D:/Data/Documents/UE4/Butt/Content/Sounds/SFX/S_Lightbulb.uasset" 650
"D:/Data/Documents/UE4/Butt/Content/Sounds/SFX/S_Lightbulb.uexp" 651
"D:/Data/Documents/UE4/Butt/Content/Widgets/WBP_Button.uasset" 652
"D:/Data/Documents/UE4/Butt/Content/Widgets/WBP_Button.uexp" 653
"D:/Data/Documents/UE4/Butt/Content/Levels/L_Button.uexp" 654
"D:/Data/Documents/UE4/Butt/Content/Levels/L_Button.umap" 655
